221013 23:46:20 [Note] Plugin 'FEDERATED' is disabled.
221013 23:46:20  InnoDB: Initializing buffer pool, size = 8.0M
221013 23:46:20  InnoDB: Completed initialization of buffer pool
InnoDB: The first specified data file .\ibdata1 did not exist:
InnoDB: a new database to be created!
221013 23:46:20  InnoDB: Setting file .\ibdata1 size to 10 MB
InnoDB: Database physically writes the file full: wait...
221013 23:46:20  InnoDB: Log file .\ib_logfile0 did not exist: new to be created
InnoDB: Setting log file .\ib_logfile0 size to 5 MB
InnoDB: Database physically writes the file full: wait...
221013 23:46:20  InnoDB: Log file .\ib_logfile1 did not exist: new to be created
InnoDB: Setting log file .\ib_logfile1 size to 5 MB
InnoDB: Database physically writes the file full: wait...
InnoDB: Doublewrite buffer not found: creating new
InnoDB: Doublewrite buffer created
InnoDB: Creating foreign key constraint system tables
InnoDB: Foreign key constraint system tables created
221013 23:46:20  InnoDB: Started; log sequence number 0 0
221024 16:09:02 [Note] Plugin 'FEDERATED' is disabled.
221024 16:09:02  InnoDB: Initializing buffer pool, size = 8.0M
221024 16:09:02  InnoDB: Completed initialization of buffer pool
InnoDB: The log sequence number in ibdata files does not match
InnoDB: the log sequence number in the ib_logfiles!
221024 16:09:02  InnoDB: Database was not shut down normally!
InnoDB: Starting crash recovery.
InnoDB: Reading tablespace information from the .ibd files...
InnoDB: Restoring possible half-written data pages from the doublewrite
InnoDB: buffer...
221024 16:09:03  InnoDB: Started; log sequence number 0 236896
221024 17:23:44 [Note] Plugin 'FEDERATED' is disabled.
221024 17:23:44  InnoDB: Initializing buffer pool, size = 8.0M
221024 17:23:44  InnoDB: Completed initialization of buffer pool
221024 17:23:44  InnoDB: Started; log sequence number 0 236935
221024 19:08:52 [Note] Plugin 'FEDERATED' is disabled.
221024 19:08:52  InnoDB: Initializing buffer pool, size = 8.0M
221024 19:08:52  InnoDB: Completed initialization of buffer pool
221024 19:08:52  InnoDB: Started; log sequence number 0 236935
